<?xml version="1.0" encoding="UTF-8"?>
<testsuite xmlns:xsi="http://www.w3.org/2001/XMLSchema-instance" xsi:noNamespaceSchemaLocation="https://maven.apache.org/surefire/maven-surefire-plugin/xsd/surefire-test-report.xsd" version="3.0.2" name="es.uma.informatica.daw.practicajpa.PracticaJpaApplicationTests" time="7.082" tests="1" errors="0" skipped="0" failures="0">
  <properties>
[...]
</properties>
  <testcase name="contextLoads" classname="es.uma.informatica.daw.practicajpa.PracticaJpaApplicationTests" time="0.628">
    <system-out><![CDATA[11:06:39.554 [main] INFO org.springframework.test.context.support.AnnotationConfigContextLoaderUtils -- Could not detect default configuration classes for test class [es.uma.informatica.daw.practicajpa.PracticaJpaApplicationTests]: PracticaJpaApplicationTests does not declare any static, non-private, non-final, nested classes annotated with @Configuration.
11:06:39.759 [main] INFO org.springframework.boot.test.context.SpringBootTestContextBootstrapper -- Found @SpringBootConfiguration es.uma.informatica.daw.practicajpa.PracticaJpaApplication for test class es.uma.informatica.daw.practicajpa.PracticaJpaApplicationTests

  .   ____          _            __ _ _
 /\\ / ___'_ __ _ _(_)_ __  __ _ \ \ \ \
( ( )\___ | '_ | '_| | '_ \/ _` | \ \ \ \
 \\/  ___)| |_)| | | | | || (_| |  ) ) ) )
  '  |____| .__|_| |_|_| |_\__, | / / / /
 =========|_|==============|___/=/_/_/_/

 :: Spring Boot ::                (v4.0.3)

2026-03-23T11:06:40.556+01:00  INFO 13560 --- [practica-jpa] [           main] e.u.i.d.p.PracticaJpaApplicationTests    : Starting PracticaJpaApplicationTests using Java 21.0.9 with PID 13560 (started by ptorr in C:\Users\ptorr\Desktop\codigo-alumnos)
2026-03-23T11:06:40.558+01:00  INFO 13560 --- [practica-jpa] [           main] e.u.i.d.p.PracticaJpaApplicationTests    : No active profile set, falling back to 1 default profile: "default"
2026-03-23T11:06:41.272+01:00  INFO 13560 --- [practica-jpa] [           main] .s.d.r.c.RepositoryConfigurationDelegate : Bootstrapping Spring Data JPA repositories in DEFAULT mode.
2026-03-23T11:06:41.332+01:00  INFO 13560 --- [practica-jpa] [           main] .s.d.r.c.RepositoryConfigurationDelegate : Finished Spring Data repository scanning in 33 ms. Found 0 JPA repository interfaces.
2026-03-23T11:06:41.974+01:00  INFO 13560 --- [practica-jpa] [           main] org.hibernate.orm.jpa                    : HHH008540: Processing PersistenceUnitInfo [name: default]
2026-03-23T11:06:42.145+01:00  INFO 13560 --- [practica-jpa] [           main] org.hibernate.orm.core                   : HHH000001: Hibernate ORM core version 7.2.4.Final
2026-03-23T11:06:43.150+01:00  INFO 13560 --- [practica-jpa] [           main] o.s.o.j.p.SpringPersistenceUnitInfo      : No LoadTimeWeaver setup: ignoring JPA class transformer
2026-03-23T11:06:43.231+01:00  INFO 13560 --- [practica-jpa] [           main] com.zaxxer.hikari.HikariDataSource       : HikariPool-1 - Starting...
2026-03-23T11:06:43.585+01:00  INFO 13560 --- [practica-jpa] [           main] com.zaxxer.hikari.pool.HikariPool        : HikariPool-1 - Added connection conn0: url=jdbc:h2:mem:practica-jpa user=SA
2026-03-23T11:06:43.588+01:00  INFO 13560 --- [practica-jpa] [           main] com.zaxxer.hikari.HikariDataSource       : HikariPool-1 - Start completed.
2026-03-23T11:06:43.639+01:00  WARN 13560 --- [practica-jpa] [           main] org.hibernate.orm.deprecation            : HHH90000025: H2Dialect does not need to be specified explicitly using 'hibernate.dialect' (remove the property setting and it will be selected by default)
2026-03-23T11:06:43.698+01:00  INFO 13560 --- [practica-jpa] [           main] org.hibernate.orm.connections.pooling    : HHH10001005: Database info:
	Database JDBC URL [jdbc:h2:mem:practica-jpa]
	Database driver: H2 JDBC Driver
	Database dialect: H2Dialect
	Database version: 2.4.240
	Default catalog/schema: PRACTICA-JPA/PUBLIC
	Autocommit mode: undefined/unknown
	Isolation level: READ_COMMITTED [default READ_COMMITTED]
	JDBC fetch size: 100
	Pool: DataSourceConnectionProvider
	Minimum pool size: undefined/unknown
	Maximum pool size: undefined/unknown
2026-03-23T11:06:45.250+01:00  INFO 13560 --- [practica-jpa] [           main] org.hibernate.orm.core                   : HHH000489: No JTA platform available (set 'hibernate.transaction.jta.platform' to enable JTA platform integration)
2026-03-23T11:06:45.303+01:00  INFO 13560 --- [practica-jpa] [           main] j.LocalContainerEntityManagerFactoryBean : Initialized JPA EntityManagerFactory for persistence unit 'default'
2026-03-23T11:06:45.566+01:00  INFO 13560 --- [practica-jpa] [           main] e.u.i.d.p.PracticaJpaApplicationTests    : Started PracticaJpaApplicationTests in 5.491 seconds (process running for 7.945)
]]></system-out>
    <system-err><![CDATA[Mockito is currently self-attaching to enable the inline-mock-maker. This will no longer work in future releases of the JDK. Please add Mockito as an agent to your build as described in Mockito's documentation: https://javadoc.io/doc/org.mockito/mockito-core/latest/org.mockito/org/mockito/Mockito.html#0.3
WARNING: A Java agent has been loaded dynamically (C:\Users\ptorr\.m2\repository\net\bytebuddy\byte-buddy-agent\1.17.8\byte-buddy-agent-1.17.8.jar)
WARNING: If a serviceability tool is in use, please run with -XX:+EnableDynamicAgentLoading to hide this warning
WARNING: If a serviceability tool is not in use, please run with -Djdk.instrument.traceUsage for more information
WARNING: Dynamic loading of agents will be disallowed by default in a future release
]]></system-err>
  </testcase>
</testsuite>